<?xml version="1.1" encoding="UTF-8"?>
<testsuite name="com.prashsoft.javakiva.UnitTests" tests="5" failures="1" errors="0" timestamp="2014-07-23T03:31:27" hostname="oneiroi" time="4.448">
  <properties/>
  <testcase name="testGetLoanLenders" classname="com.prashsoft.javakiva.UnitTests" time="3.689">
    <failure message="java.lang.IllegalArgumentException: No bean specified" type="java.lang.IllegalArgumentException">java.lang.IllegalArgumentException: No bean specified
	at org.apache.commons.beanutils.PropertyUtilsBean.isReadable(PropertyUtilsBean.java:1331)
	at org.apache.commons.beanutils.PropertyUtils.isReadable(PropertyUtils.java:690)
	at com.prashsoft.javakiva.LenderUtil.getLendersDetails(LenderUtil.java:102)
	at com.prashsoft.javakiva.LenderUtil.getLendersDetails(LenderUtil.java:125)
	at com.prashsoft.javakiva.LenderUtil.getLenderDetails(LenderUtil.java:76)
	at com.prashsoft.javakiva.LenderUtil.getLendersFromBean(LenderUtil.java:148)
	at com.prashsoft.javakiva.LoanUtil.getLoanLenders(LoanUtil.java:396)
	at com.prashsoft.javakiva.UnitTests.testGetLoanLenders(UnitTests.java:105)
	at sun.reflect.NativeMethodAccessorImpl.invoke0(Native Method)
	at sun.reflect.NativeMethodAccessorImpl.invoke(NativeMethodAccessorImpl.java:57)
	at sun.reflect.DelegatingMethodAccessorImpl.invoke(DelegatingMethodAccessorImpl.java:43)
	at java.lang.reflect.Method.invoke(Method.java:606)
	at junit.framework.TestCase.runTest(TestCase.java:176)
	at junit.framework.TestCase.runBare(TestCase.java:141)
	at junit.framework.TestResult$1.protect(TestResult.java:122)
	at junit.framework.TestResult.runProtected(TestResult.java:142)
	at junit.framework.TestResult.run(TestResult.java:125)
	at junit.framework.TestCase.run(TestCase.java:129)
	at junit.framework.TestSuite.runTest(TestSuite.java:255)
	at junit.framework.TestSuite.run(TestSuite.java:250)
	at org.junit.internal.runners.JUnit38ClassRunner.run(JUnit38ClassRunner.java:84)
	at org.gradle.api.internal.tasks.testing.junit.JUnitTestClassExecuter.runTestClass(JUnitTestClassExecuter.java:55)
	at org.gradle.api.internal.tasks.testing.junit.JUnitTestClassExecuter.execute(JUnitTestClassExecuter.java:42)
	at org.gradle.api.internal.tasks.testing.junit.JUnitTestClassProcessor.processTestClass(JUnitTestClassProcessor.java:71)
	at org.gradle.api.internal.tasks.testing.SuiteTestClassProcessor.processTestClass(SuiteTestClassProcessor.java:49)
	at sun.reflect.NativeMethodAccessorImpl.invoke0(Native Method)
	at sun.reflect.NativeMethodAccessorImpl.invoke(NativeMethodAccessorImpl.java:57)
	at sun.reflect.DelegatingMethodAccessorImpl.invoke(DelegatingMethodAccessorImpl.java:43)
	at java.lang.reflect.Method.invoke(Method.java:606)
	at org.gradle.messaging.dispatch.ReflectionDispatch.dispatch(ReflectionDispatch.java:35)
	at org.gradle.messaging.dispatch.ReflectionDispatch.dispatch(ReflectionDispatch.java:24)
	at org.gradle.messaging.dispatch.ContextClassLoaderDispatch.dispatch(ContextClassLoaderDispatch.java:32)
	at org.gradle.messaging.dispatch.ProxyDispatchAdapter$DispatchingInvocationHandler.invoke(ProxyDispatchAdapter.java:93)
	at com.sun.proxy.$Proxy2.processTestClass(Unknown Source)
	at org.gradle.api.internal.tasks.testing.worker.TestWorker.processTestClass(TestWorker.java:103)
	at sun.reflect.NativeMethodAccessorImpl.invoke0(Native Method)
	at sun.reflect.NativeMethodAccessorImpl.invoke(NativeMethodAccessorImpl.java:57)
	at sun.reflect.DelegatingMethodAccessorImpl.invoke(DelegatingMethodAccessorImpl.java:43)
	at java.lang.reflect.Method.invoke(Method.java:606)
	at org.gradle.messaging.dispatch.ReflectionDispatch.dispatch(ReflectionDispatch.java:35)
	at org.gradle.messaging.dispatch.ReflectionDispatch.dispatch(ReflectionDispatch.java:24)
	at org.gradle.messaging.remote.internal.hub.MessageHub$Handler.run(MessageHub.java:355)
	at org.gradle.internal.concurrent.DefaultExecutorFactory$StoppableExecutorImpl$1.run(DefaultExecutorFactory.java:66)
	at java.util.concurrent.ThreadPoolExecutor.runWorker(ThreadPoolExecutor.java:1145)
	at java.util.concurrent.ThreadPoolExecutor$Worker.run(ThreadPoolExecutor.java:615)
	at java.lang.Thread.run(Thread.java:744)
</failure>
  </testcase>
  <testcase name="testLoansDetails" classname="com.prashsoft.javakiva.UnitTests" time="0.757"/>
  <testcase name="testAssertTrueIsTrue" classname="com.prashsoft.javakiva.UnitTests" time="0.0"/>
  <testcase name="testAssertTrueIsNotFalse" classname="com.prashsoft.javakiva.UnitTests" time="0.0"/>
  <testcase name="testGetNewestLoans" classname="com.prashsoft.javakiva.UnitTests" time="0.001"/>
  <system-out><![CDATA[Testing Loan Details: 
Testing GetNewestLoans:
]]></system-out>
  <system-err><![CDATA[http://api.kivaws.org/v1/lenders/.json?app_id=com.prashsoft.javakiva :: Method failed! : HTTP/1.0 404 Not Found
]]></system-err>
</testsuite>
